[2026-04-05 03:18:02,083] 97 werkzeug - INFO - [31m[1mWARNING: This is a development server. Do not use it in a production deployment. Use a production WSGI server instead.[0m
 * Running on all addresses (0.0.0.0)
 * Running on http://127.0.0.1:1080
 * Running on http://192.0.0.2:1080
[2026-04-05 03:18:02,083] 97 werkzeug - INFO - [33mPress CTRL+C to quit[0m
[2026-04-05 03:18:09,848] 875 application - ERROR - Exception on /predictdata [POST]
Traceback (most recent call last):
  File "/Users/mahendrapratap/Desktop/mlproject/credit_risk/src/component/predict_pipeline.py", line 20, in predict
    proba = model.predict_proba(data_scaled)[:, 1]
            ^^^^^^^^^^^^^^^^^^^
AttributeError: 'CatBoostRegressor' object has no attribute 'predict_proba'

During handling of the above exception, another exception occurred:

Traceback (most recent call last):
  File "/opt/anaconda3/envs/venv/lib/python3.11/site-packages/flask/app.py", line 1511, in wsgi_app
    response = self.full_dispatch_request()
               ^^^^^^^^^^^^^^^^^^^^^^^^^^^^
  File "/opt/anaconda3/envs/venv/lib/python3.11/site-packages/flask/app.py", line 919, in full_dispatch_request
    rv = self.handle_user_exception(e)
         ^^^^^^^^^^^^^^^^^^^^^^^^^^^^^
  File "/opt/anaconda3/envs/venv/lib/python3.11/site-packages/flask/app.py", line 917, in full_dispatch_request
    rv = self.dispatch_request()
         ^^^^^^^^^^^^^^^^^^^^^^^
  File "/opt/anaconda3/envs/venv/lib/python3.11/site-packages/flask/app.py", line 902, in dispatch_request
    return self.ensure_sync(self.view_functions[rule.endpoint])(**view_args)  # type: ignore[no-any-return]
           ^^^^^^^^^^^^^^^^^^^^^^^^^^^^^^^^^^^^^^^^^^^^^^^^^^^^^^^^^^^^^^^^^
  File "/Users/mahendrapratap/Desktop/mlproject/credit_risk/application.py", line 35, in predict_datapoint
    results = predict_pipeline.predict(pred_df)
              ^^^^^^^^^^^^^^^^^^^^^^^^^^^^^^^^^
  File "/Users/mahendrapratap/Desktop/mlproject/credit_risk/src/component/predict_pipeline.py", line 23, in predict
    raise CustomException(e, sys)
src.exception.CustomException: Error occured in python script name [/Users/mahendrapratap/Desktop/mlproject/credit_risk/src/component/predict_pipeline.py] line number [20] error message ['CatBoostRegressor' object has no attribute 'predict_proba']
[2026-04-05 03:18:09,851] 97 werkzeug - INFO - 127.0.0.1 - - [05/Apr/2026 03:18:09] "[35m[1mPOST /predictdata HTTP/1.1[0m" 500 -
[2026-04-05 03:18:20,439] 97 werkzeug - INFO - 127.0.0.1 - - [05/Apr/2026 03:18:20] "GET / HTTP/1.1" 200 -
[2026-04-05 03:18:22,310] 97 werkzeug - INFO - 127.0.0.1 - - [05/Apr/2026 03:18:22] "GET /predictdata HTTP/1.1" 200 -
[2026-04-05 03:18:52,970] 875 application - ERROR - Exception on /predictdata [POST]
Traceback (most recent call last):
  File "/Users/mahendrapratap/Desktop/mlproject/credit_risk/src/component/predict_pipeline.py", line 20, in predict
    proba = model.predict_proba(data_scaled)[:, 1]
            ^^^^^^^^^^^^^^^^^^^
AttributeError: 'CatBoostRegressor' object has no attribute 'predict_proba'

During handling of the above exception, another exception occurred:

Traceback (most recent call last):
  File "/opt/anaconda3/envs/venv/lib/python3.11/site-packages/flask/app.py", line 1511, in wsgi_app
    response = self.full_dispatch_request()
               ^^^^^^^^^^^^^^^^^^^^^^^^^^^^
  File "/opt/anaconda3/envs/venv/lib/python3.11/site-packages/flask/app.py", line 919, in full_dispatch_request
    rv = self.handle_user_exception(e)
         ^^^^^^^^^^^^^^^^^^^^^^^^^^^^^
  File "/opt/anaconda3/envs/venv/lib/python3.11/site-packages/flask/app.py", line 917, in full_dispatch_request
    rv = self.dispatch_request()
         ^^^^^^^^^^^^^^^^^^^^^^^
  File "/opt/anaconda3/envs/venv/lib/python3.11/site-packages/flask/app.py", line 902, in dispatch_request
    return self.ensure_sync(self.view_functions[rule.endpoint])(**view_args)  # type: ignore[no-any-return]
           ^^^^^^^^^^^^^^^^^^^^^^^^^^^^^^^^^^^^^^^^^^^^^^^^^^^^^^^^^^^^^^^^^
  File "/Users/mahendrapratap/Desktop/mlproject/credit_risk/application.py", line 35, in predict_datapoint
    results = predict_pipeline.predict(pred_df)
              ^^^^^^^^^^^^^^^^^^^^^^^^^^^^^^^^^
  File "/Users/mahendrapratap/Desktop/mlproject/credit_risk/src/component/predict_pipeline.py", line 23, in predict
    raise CustomException(e, sys)
src.exception.CustomException: Error occured in python script name [/Users/mahendrapratap/Desktop/mlproject/credit_risk/src/component/predict_pipeline.py] line number [20] error message ['CatBoostRegressor' object has no attribute 'predict_proba']
[2026-04-05 03:18:52,971] 97 werkzeug - INFO - 127.0.0.1 - - [05/Apr/2026 03:18:52] "[35m[1mPOST /predictdata HTTP/1.1[0m" 500 -
